{"logTime": "0823/072540", "correlationVector":"uIYTJ88fyWGQkFRt0Lz7Cj.1","action":"SyncServerConnectionManagerRequest", "result":"SYNC_SERVER_OK", "context":{"environment":"Prod_brazilsouth_prod-s01-001-sam-brazilsouth", "migrationStage":"NotStarted", "server":"akswtt21500000u"}}
{"logTime": "0823/072540", "correlationVector":"uIYTJ88fyWGQkFRt0Lz7Cj.2","action":"ProcessGetUpdates", "result":"Done", "context":{"dataType":"Encryption Keys", "deleted":"0", "process_failed_to_decrypt":"0", "process_pending_decryption":"0", "process_success":"1", "total":"1"}}
{"logTime": "0823/072541", "correlationVector":"AgLJ39iGptrUY8Iz58iEfO","action":"SyncServerConnectionManagerRequest", "result":"SYNC_SERVER_OK", "context":{"environment":"", "migrationStage":"", "server":""}}
{"logTime": "0823/072541", "correlationVector":"AgLJ39iGptrUY8Iz58iEfO.0","action":"EncryptionKeysFetcher.DownloadKeys:", "result":"Success", "context":Key count: 3, Last key timestamp: 2025-07-02T06:39:23Z}
{"logTime": "0823/072541", "correlationVector":"AgLJ39iGptrUY8Iz58iEfO.1","action":"EncryptionKeysManager::SetEncryptionKeys:", "result":"Success", "context":Key names[3]:[mAVOmtnLT1dZoaSrzv7rsJSHgtB6oHFbHQTAWMHtfCIch1nZCdFIc1X+tHX5OW3pdqBlI0Mlbe7VhkJ0yxScZA==][CYNLcsbhXtlxk3AZ9nx03oZylG7u/MdBbtkl1KNEXB2BfTt2tCzvrpu2Z5jjB8vLCxhK8xM4j1kPIQJK424gHQ==][Ysahoc9AB5RYyuGYzUa+qJc7vK0BF9i/e97SN7sqZ0gU2FB8hPAhD3otQP1HoPdGcD4thsdZFHmsDeTlb/Sxnw==]}
{"logTime": "0823/072541", "correlationVector":"AgLJ39iGptrUY8Iz58iEfO.2","action":"EncryptionKeysManager::SetEncryptionKeysWithTimestamps:", "result":"Success", "context":Key timestamps[3]:[2024-06-23T23:20:47Z][2024-12-23T18:25:36Z][2025-07-02T06:39:23Z]}
{"logTime": "0823/072541", "correlationVector":"uIYTJ88fyWGQkFRt0Lz7Cj","action":"Initial GetUpdates", "result":"", "context":Reason: NEW_CLIENT. cV=uIYTJ88fyWGQkFRt0Lz7Cj}
{"logTime": "0823/072541", "correlationVector":"uIYTJ88fyWGQkFRt0Lz7Cj.3","action":"GetUpdates Response", "result":"Success", "context":Received 1 update(s). cV=uIYTJ88fyWGQkFRt0Lz7Cj.0;server=akswtt21500000u;cloudType=Consumer;environment=Prod_brazilsouth_prod-s01-001-sam-brazilsouth;migrationStage=NotStarted}
{"logTime": "0823/072541", "correlationVector":"tRdqf2Ols0CxVy7uU0wU1s","action":"Initial GetUpdates", "result":"", "context":Reason: NEWLY_SUPPORTED_DATATYPE. cV=tRdqf2Ols0CxVy7uU0wU1s}
{"logTime": "0823/072541", "correlationVector":"tRdqf2Ols0CxVy7uU0wU1s.1","action":"SyncServerConnectionManagerRequest", "result":"SYNC_SERVER_OK", "context":{"environment":"Prod_brazilsouth_prod-s01-001-sam-brazilsouth", "migrationStage":"NotStarted", "server":"akswtt21500001m"}}
{"logTime": "0823/072541", "correlationVector":"tRdqf2Ols0CxVy7uU0wU1s.2","action":"ProcessGetUpdates", "result":"Done", "context":{"dataType":"Preferences", "deleted":"1", "process_failed_to_decrypt":"0", "process_pending_decryption":"0", "process_success":"61", "total":"61"}}
{"logTime": "0823/072541", "correlationVector":"tRdqf2Ols0CxVy7uU0wU1s.3","action":"ProcessGetUpdates", "result":"Done", "context":{"dataType":"Passwords", "deleted":"0", "process_failed_to_decrypt":"0", "process_pending_decryption":"0", "process_success":"1", "total":"1"}}
{"logTime": "0823/072541", "correlationVector":"tRdqf2Ols0CxVy7uU0wU1s.4","action":"ProcessGetUpdates", "result":"Done", "context":{"dataType":"Device Info", "deleted":"0", "process_failed_to_decrypt":"0", "process_pending_decryption":"0", "process_success":"14", "total":"14"}}
{"logTime": "0823/072541", "correlationVector":"tRdqf2Ols0CxVy7uU0wU1s.5","action":"GetUpdates Response", "result":"Success", "context":Received 76 update(s). cV=tRdqf2Ols0CxVy7uU0wU1s.0;server=akswtt21500001m;cloudType=Consumer;environment=Prod_brazilsouth_prod-s01-001-sam-brazilsouth;migrationStage=NotStarted}
{"logTime": "0823/072541", "correlationVector":"vFwRgPGjy67tFuhgtyGQYl","action":"Initial GetUpdates", "result":"", "context":Reason: NEWLY_SUPPORTED_DATATYPE. cV=vFwRgPGjy67tFuhgtyGQYl}
{"logTime": "0823/072541", "correlationVector":"vFwRgPGjy67tFuhgtyGQYl.1","action":"SyncServerConnectionManagerRequest", "result":"SYNC_SERVER_OK", "context":{"environment":"Prod_brazilsouth_prod-s01-001-sam-brazilsouth", "migrationStage":"NotStarted", "server":"akswtt21500001m"}}
{"logTime": "0823/072541", "correlationVector":"vFwRgPGjy67tFuhgtyGQYl.2","action":"ProcessGetUpdates", "result":"Done", "context":{"dataType":"Bookmarks", "deleted":"0", "process_failed_to_decrypt":"0", "process_pending_decryption":"0", "process_success":"6", "total":"6"}}
{"logTime": "0823/072541", "correlationVector":"vFwRgPGjy67tFuhgtyGQYl.3","action":"GetUpdates Response", "result":"Success", "context":Received 6 update(s). cV=vFwRgPGjy67tFuhgtyGQYl.0;server=akswtt21500001m;cloudType=Consumer;environment=Prod_brazilsouth_prod-s01-001-sam-brazilsouth;migrationStage=NotStarted}
{"logTime": "0823/072541", "correlationVector":"sKnTt/nBHzGDwsdkW5vC3P","action":"Initial GetUpdates", "result":"", "context":Reason: NEWLY_SUPPORTED_DATATYPE. cV=sKnTt/nBHzGDwsdkW5vC3P}
{"logTime": "0823/072542", "correlationVector":"sKnTt/nBHzGDwsdkW5vC3P.1","action":"SyncServerConnectionManagerRequest", "result":"SYNC_SERVER_OK", "context":{"environment":"Prod_brazilsouth_prod-s01-001-sam-brazilsouth", "migrationStage":"NotStarted", "server":"akswtt21500000m"}}
{"logTime": "0823/072542", "correlationVector":"sKnTt/nBHzGDwsdkW5vC3P.2","action":"ProcessGetUpdates", "result":"Done", "context":{"dataType":"Autofill Profiles", "deleted":"2", "process_failed_to_decrypt":"0", "process_pending_decryption":"0", "process_success":"4", "total":"4"}}
{"logTime": "0823/072542", "correlationVector":"sKnTt/nBHzGDwsdkW5vC3P.3","action":"ProcessGetUpdates", "result":"Done", "context":{"dataType":"Autofill", "deleted":"0", "process_failed_to_decrypt":"0", "process_pending_decryption":"0", "process_success":"31", "total":"31"}}
{"logTime": "0823/072542", "correlationVector":"sKnTt/nBHzGDwsdkW5vC3P.4","action":"ProcessGetUpdates", "result":"Done", "context":{"dataType":"Sessions", "deleted":"21", "process_failed_to_decrypt":"0", "process_pending_decryption":"0", "process_success":"40", "total":"40"}}
{"logTime": "0823/072542", "correlationVector":"sKnTt/nBHzGDwsdkW5vC3P.5","action":"ProcessGetUpdates", "result":"Done", "context":{"dataType":"Extension settings", "deleted":"0", "process_failed_to_decrypt":"0", "process_pending_decryption":"0", "process_success":"1", "total":"1"}}
{"logTime": "0823/072542", "correlationVector":"sKnTt/nBHzGDwsdkW5vC3P.6","action":"ProcessGetUpdates", "result":"Done", "context":{"dataType":"Web Apps", "deleted":"0", "process_failed_to_decrypt":"0", "process_pending_decryption":"0", "process_success":"1", "total":"1"}}
{"logTime": "0823/072542", "correlationVector":"sKnTt/nBHzGDwsdkW5vC3P.7","action":"ProcessGetUpdates", "result":"Done", "context":{"dataType":"Edge Hub App Usage", "deleted":"3", "process_failed_to_decrypt":"0", "process_pending_decryption":"0", "process_success":"17", "total":"17"}}
{"logTime": "0823/072542", "correlationVector":"sKnTt/nBHzGDwsdkW5vC3P.8","action":"GetUpdates Response", "result":"Success", "context":Received 94 update(s). cV=sKnTt/nBHzGDwsdkW5vC3P.0;server=akswtt21500000m;cloudType=Consumer;environment=Prod_brazilsouth_prod-s01-001-sam-brazilsouth;migrationStage=NotStarted}
{"logTime": "0823/072542", "correlationVector":"4xpXyfq4XqijVEByyXTY6T","action":"Initial GetUpdates", "result":"", "context":Reason: NEWLY_SUPPORTED_DATATYPE. cV=4xpXyfq4XqijVEByyXTY6T}
{"logTime": "0823/072542", "correlationVector":"4xpXyfq4XqijVEByyXTY6T.1","action":"SyncServerConnectionManagerRequest", "result":"SYNC_SERVER_OK", "context":{"environment":"Prod_brazilsouth_prod-s01-001-sam-brazilsouth", "migrationStage":"NotStarted", "server":"akswtt215000003"}}
{"logTime": "0823/072542", "correlationVector":"4xpXyfq4XqijVEByyXTY6T.2","action":"ProcessGetUpdates", "result":"Done", "context":{"dataType":"History", "deleted":"0", "process_failed_to_decrypt":"0", "process_pending_decryption":"0", "process_success":"48", "total":"48"}}
{"logTime": "0823/072542", "correlationVector":"4xpXyfq4XqijVEByyXTY6T.3","action":"GetUpdates Response", "result":"Success", "context":Received 48 update(s). cV=4xpXyfq4XqijVEByyXTY6T.0;server=akswtt215000003;cloudType=Consumer;environment=Prod_brazilsouth_prod-s01-001-sam-brazilsouth;migrationStage=NotStarted}
{"logTime": "0823/072542", "correlationVector":"FtXQPVVch0YMxGXj7Qd/IT","action":"Normal GetUpdate request", "result":"", "context":cV=FtXQPVVch0YMxGXj7Qd/IT
Nudged types: Sessions, Device Info, User Consents
Refresh requested types: Bookmarks, Preferences, Passwords, Autofill Profiles, Autofill, Extensions, Sessions, Extension settings, History Delete Directives, Device Info, User Consents, Send Tab To Self, Web Apps, History, Saved Tab Group, WebAuthn Credentials, Collection, Edge E Drop, Edge Hub App Usage, Edge Wallet, Encryption Keys}
{"logTime": "0823/072543", "correlationVector":"FtXQPVVch0YMxGXj7Qd/IT.1","action":"SyncServerConnectionManagerRequest", "result":"SYNC_SERVER_OK", "context":{"environment":"Prod_brazilsouth_prod-s01-001-sam-brazilsouth", "migrationStage":"NotStarted", "server":"akswtt215000003"}}
{"logTime": "0823/072543", "correlationVector":"FtXQPVVch0YMxGXj7Qd/IT.2","action":"GetUpdates Response", "result":"Success", "context":Received 0 update(s). cV=FtXQPVVch0YMxGXj7Qd/IT.0;server=akswtt215000003;cloudType=Consumer;environment=Prod_brazilsouth_prod-s01-001-sam-brazilsouth;migrationStage=NotStarted}
{"logTime": "0823/072543", "correlationVector":"4GX8Moq/9MYUepaVcCpZ4z","action":"DoCompareDataConsistency requsted types: ", "result":"Bookmarks, Preferences, Passwords, Extensions, Extension settings, History Delete Directives, Send Tab To Self, Web Apps, History, Saved Tab Group, WebAuthn Credentials, Collection, Edge E Drop, Edge Wallet, Encryption Keys"}
{"logTime": "0823/072543", "correlationVector":"4GX8Moq/9MYUepaVcCpZ4z.0","action":"CompareDataConsistency result: ", "result":"Compare result: Encryption Keys is consistent. local entities count is: 1 local entities hash is: tORLVm+dReC0nVf4fAo2Bq0rMu0="}
{"logTime": "0823/072543", "correlationVector":"4GX8Moq/9MYUepaVcCpZ4z.1","action":"CompareDataConsistency result: ", "result":"Compare result: Bookmarks is consistent. local entities count is: 1 local entities hash is: Eakq5o+1PdY0Wsvc1/k4TO4L9oQ="}
{"logTime": "0823/072543", "correlationVector":"4GX8Moq/9MYUepaVcCpZ4z.2","action":"CompareDataConsistency result: ", "result":"Compare result: Preferences is consistent. local entities count is: 60 local entities hash is: pSqHaFeWwSaSwbiSWszdnv0XF4A="}
{"logTime": "0823/072543", "correlationVector":"4GX8Moq/9MYUepaVcCpZ4z.3","action":"CompareDataConsistency result: ", "result":"Compare result: Extensions is consistent. local entities count is: 0 local entities hash is: "}
{"logTime": "0823/072543", "correlationVector":"4GX8Moq/9MYUepaVcCpZ4z.4","action":"CompareDataConsistency result: ", "result":"Compare result: Extension settings is consistent. local entities count is: 1 local entities hash is: eGj7FHiKbOYWL9Pa2Q/NuEGJ33w="}
{"logTime": "0823/072543", "correlationVector":"4GX8Moq/9MYUepaVcCpZ4z.5","action":"CompareDataConsistency result: ", "result":"Compare result: History Delete Directives is consistent. local entities count is: 0 local entities hash is: "}
{"logTime": "0823/072543", "correlationVector":"4GX8Moq/9MYUepaVcCpZ4z.6","action":"CompareDataConsistency result: ", "result":"Server did not send this Send Tab To Self local entities count is: 0 local entities hash is: "}
{"logTime": "0823/072543", "correlationVector":"4GX8Moq/9MYUepaVcCpZ4z.7","action":"CompareDataConsistency result: ", "result":"Compare result: Web Apps is consistent. local entities count is: 1 local entities hash is: WlXa0D/20zuNInhmODb7yDb/p5w="}
{"logTime": "0823/072543", "correlationVector":"4GX8Moq/9MYUepaVcCpZ4z.8","action":"CompareDataConsistency result: ", "result":"Server did not send this History local entities count is: 0 local entities hash is: "}
{"logTime": "0823/072543", "correlationVector":"4GX8Moq/9MYUepaVcCpZ4z.9","action":"CompareDataConsistency result: ", "result":"Compare result: Saved Tab Group is consistent. local entities count is: 0 local entities hash is: "}
{"logTime": "0823/072543", "correlationVector":"4GX8Moq/9MYUepaVcCpZ4z.10","action":"CompareDataConsistency result: ", "result":"Server did not send this WebAuthn Credentials local entities count is: 0 local entities hash is: "}
{"logTime": "0823/072543", "correlationVector":"4GX8Moq/9MYUepaVcCpZ4z.11","action":"CompareDataConsistency result: ", "result":"Compare result: Collection is consistent. local entities count is: 0 local entities hash is: "}
{"logTime": "0823/072543", "correlationVector":"4GX8Moq/9MYUepaVcCpZ4z.12","action":"CompareDataConsistency result: ", "result":"Compare result: Edge E Drop is consistent. local entities count is: 0 local entities hash is: "}
{"logTime": "0823/072543", "correlationVector":"4GX8Moq/9MYUepaVcCpZ4z.13","action":"CompareDataConsistency result: ", "result":"Compare result: Edge Wallet is consistent. local entities count is: 0 local entities hash is: "}
{"logTime": "0823/072543", "correlationVector":"4GX8Moq/9MYUepaVcCpZ4z.14","action":"CompareDataConsistency result: ", "result":"Compare result: Passwords is consistent. local entities count is: 1 local entities hash is: OvDrQiH65op2HyJd/KyXf6P38CE="}
{"logTime": "0823/072543", "correlationVector":"SG1iMIwzgxumVpNUyvJSFM","action":"Commit Request", "result":"", "context":Item count: 6
Contributing types: Sessions, Device Info, User Consents, Edge Hub App Usage}
{"logTime": "0823/072544", "correlationVector":"SG1iMIwzgxumVpNUyvJSFM.1","action":"SyncServerConnectionManagerRequest", "result":"SYNC_SERVER_OK", "context":{"environment":"Prod_brazilsouth_prod-s01-001-sam-brazilsouth", "migrationStage":"NotStarted", "server":"akswtt21500000x"}}
{"logTime": "0823/072544", "correlationVector":"SG1iMIwzgxumVpNUyvJSFM.2","action":"Commit Response", "result":"Success", "context":Result: Success. cV=SG1iMIwzgxumVpNUyvJSFM.0;server=akswtt21500000x;cloudType=Consumer;environment=Prod_brazilsouth_prod-s01-001-sam-brazilsouth;migrationStage=NotStarted}
{"logTime": "0823/072544", "correlationVector":"","action":"DIAGNOSTIC_REQUEST|v1/diagnosticData/Diagnostic.SendCheckResult()|SUCCESS", "result":""}
{"logTime": "0823/072638", "correlationVector":"1b6ys1HknJ7384b69ClQ02","action":"Commit Request", "result":"", "context":Item count: 2
Contributing types: Passwords, History}
{"logTime": "0823/072639", "correlationVector":"1b6ys1HknJ7384b69ClQ02.1","action":"SyncServerConnectionManagerRequest", "result":"SYNC_SERVER_OK", "context":{"environment":"Prod_brazilsouth_prod-s01-001-sam-brazilsouth", "migrationStage":"NotStarted", "server":"akswtt215000010"}}
{"logTime": "0823/072639", "correlationVector":"1b6ys1HknJ7384b69ClQ02.2","action":"Commit Response", "result":"Success", "context":Result: Success. cV=1b6ys1HknJ7384b69ClQ02.0;server=akswtt215000010;cloudType=Consumer;environment=Prod_brazilsouth_prod-s01-001-sam-brazilsouth;migrationStage=NotStarted}
{"logTime": "0823/073656", "correlationVector":"DKXoifyf9glRaiYxWYCrRu.1","action":"SyncServerConnectionManagerRequest", "result":"SYNC_SERVER_OK", "context":{"environment":"Prod_brazilsouth_prod-s01-001-sam-brazilsouth", "migrationStage":"NotStarted", "server":"akswtt21500000j"}}
{"logTime": "0823/073656", "correlationVector":"DKXoifyf9glRaiYxWYCrRu.2","action":"ProcessGetUpdates", "result":"Done", "context":{"dataType":"Encryption Keys", "deleted":"0", "process_failed_to_decrypt":"0", "process_pending_decryption":"0", "process_success":"1", "total":"1"}}
{"logTime": "0823/073657", "correlationVector":"2CU23ADT4nh0X8F+Zl+HLh","action":"SyncServerConnectionManagerRequest", "result":"SYNC_SERVER_OK", "context":{"environment":"", "migrationStage":"", "server":""}}
{"logTime": "0823/073657", "correlationVector":"2CU23ADT4nh0X8F+Zl+HLh.0","action":"EncryptionKeysFetcher.DownloadKeys:", "result":"Success", "context":Key count: 3, Last key timestamp: 2025-07-02T06:39:23Z}
{"logTime": "0823/073657", "correlationVector":"2CU23ADT4nh0X8F+Zl+HLh.1","action":"EncryptionKeysManager::SetEncryptionKeys:", "result":"Success", "context":Key names[3]:[mAVOmtnLT1dZoaSrzv7rsJSHgtB6oHFbHQTAWMHtfCIch1nZCdFIc1X+tHX5OW3pdqBlI0Mlbe7VhkJ0yxScZA==][CYNLcsbhXtlxk3AZ9nx03oZylG7u/MdBbtkl1KNEXB2BfTt2tCzvrpu2Z5jjB8vLCxhK8xM4j1kPIQJK424gHQ==][Ysahoc9AB5RYyuGYzUa+qJc7vK0BF9i/e97SN7sqZ0gU2FB8hPAhD3otQP1HoPdGcD4thsdZFHmsDeTlb/Sxnw==]}
{"logTime": "0823/073657", "correlationVector":"2CU23ADT4nh0X8F+Zl+HLh.2","action":"EncryptionKeysManager::SetEncryptionKeysWithTimestamps:", "result":"Success", "context":Key timestamps[3]:[2024-06-23T23:20:47Z][2024-12-23T18:25:36Z][2025-07-02T06:39:23Z]}
{"logTime": "0823/073657", "correlationVector":"DKXoifyf9glRaiYxWYCrRu","action":"Initial GetUpdates", "result":"", "context":Reason: NEW_CLIENT. cV=DKXoifyf9glRaiYxWYCrRu}
{"logTime": "0823/073657", "correlationVector":"DKXoifyf9glRaiYxWYCrRu.3","action":"GetUpdates Response", "result":"Success", "context":Received 1 update(s). cV=DKXoifyf9glRaiYxWYCrRu.0;server=akswtt21500000j;cloudType=Consumer;environment=Prod_brazilsouth_prod-s01-001-sam-brazilsouth;migrationStage=NotStarted}
{"logTime": "0823/073657", "correlationVector":"rnWCOyGE3PiPrzgsEFgvLU","action":"Initial GetUpdates", "result":"", "context":Reason: NEWLY_SUPPORTED_DATATYPE. cV=rnWCOyGE3PiPrzgsEFgvLU}
{"logTime": "0823/073657", "correlationVector":"rnWCOyGE3PiPrzgsEFgvLU.1","action":"SyncServerConnectionManagerRequest", "result":"SYNC_SERVER_OK", "context":{"environment":"Prod_brazilsouth_prod-s01-001-sam-brazilsouth", "migrationStage":"NotStarted", "server":"akswtt215000000"}}
{"logTime": "0823/073657", "correlationVector":"rnWCOyGE3PiPrzgsEFgvLU.2","action":"ProcessGetUpdates", "result":"Done", "context":{"dataType":"Passwords", "deleted":"0", "process_failed_to_decrypt":"0", "process_pending_decryption":"0", "process_success":"1", "total":"1"}}
{"logTime": "0823/073657", "correlationVector":"rnWCOyGE3PiPrzgsEFgvLU.3","action":"GetUpdates Response", "result":"Success", "context":Received 1 update(s). cV=rnWCOyGE3PiPrzgsEFgvLU.0;server=akswtt215000000;cloudType=Consumer;environment=Prod_brazilsouth_prod-s01-001-sam-brazilsouth;migrationStage=NotStarted}
{"logTime": "0823/073657", "correlationVector":"SV9DcPdjGJofII1vUfLWzd","action":"Normal GetUpdate request", "result":"", "context":cV=SV9DcPdjGJofII1vUfLWzd
Nudged types: Sessions, History
Refresh requested types: Bookmarks, Preferences, Passwords, Autofill Profiles, Autofill, Extensions, Sessions, Extension settings, History Delete Directives, Device Info, User Consents, Send Tab To Self, Web Apps, History, Saved Tab Group, WebAuthn Credentials, Collection, Edge E Drop, Edge Hub App Usage, Edge Wallet, Encryption Keys}
{"logTime": "0823/073657", "correlationVector":"SV9DcPdjGJofII1vUfLWzd.1","action":"SyncServerConnectionManagerRequest", "result":"SYNC_SERVER_OK", "context":{"environment":"Prod_brazilsouth_prod-s01-001-sam-brazilsouth", "migrationStage":"NotStarted", "server":"akswtt215000008"}}
{"logTime": "0823/073657", "correlationVector":"SV9DcPdjGJofII1vUfLWzd.2","action":"ProcessGetUpdates", "result":"Done", "context":{"dataType":"Sessions", "deleted":"1", "process_failed_to_decrypt":"0", "process_pending_decryption":"0", "process_success":"3", "total":"3"}}
{"logTime": "0823/073657", "correlationVector":"SV9DcPdjGJofII1vUfLWzd.3","action":"ProcessGetUpdates", "result":"Done", "context":{"dataType":"Device Info", "deleted":"0", "process_failed_to_decrypt":"0", "process_pending_decryption":"0", "process_success":"1", "total":"1"}}
{"logTime": "0823/073657", "correlationVector":"SV9DcPdjGJofII1vUfLWzd.4","action":"ProcessGetUpdates", "result":"Done", "context":{"dataType":"History", "deleted":"0", "process_failed_to_decrypt":"0", "process_pending_decryption":"0", "process_success":"3", "total":"3"}}
{"logTime": "0823/073657", "correlationVector":"SV9DcPdjGJofII1vUfLWzd.5","action":"ProcessGetUpdates", "result":"Done", "context":{"dataType":"Edge Hub App Usage", "deleted":"0", "process_failed_to_decrypt":"0", "process_pending_decryption":"0", "process_success":"1", "total":"1"}}
{"logTime": "0823/073657", "correlationVector":"SV9DcPdjGJofII1vUfLWzd.6","action":"GetUpdates Response", "result":"Success", "context":Received 8 update(s). cV=SV9DcPdjGJofII1vUfLWzd.0;server=akswtt215000008;cloudType=Consumer;environment=Prod_brazilsouth_prod-s01-001-sam-brazilsouth;migrationStage=NotStarted}
{"logTime": "0823/073657", "correlationVector":"eMCNy2Vu4o50SZy8TuoENs","action":"Commit Request", "result":"", "context":Item count: 2
Contributing types: History}
{"logTime": "0823/073658", "correlationVector":"eMCNy2Vu4o50SZy8TuoENs.1","action":"SyncServerConnectionManagerRequest", "result":"SYNC_SERVER_OK", "context":{"environment":"Prod_brazilsouth_prod-s01-001-sam-brazilsouth", "migrationStage":"NotStarted", "server":"akswtt21500001o"}}
{"logTime": "0823/073658", "correlationVector":"eMCNy2Vu4o50SZy8TuoENs.2","action":"Commit Response", "result":"Success", "context":Result: Success. cV=eMCNy2Vu4o50SZy8TuoENs.0;server=akswtt21500001o;cloudType=Consumer;environment=Prod_brazilsouth_prod-s01-001-sam-brazilsouth;migrationStage=NotStarted}
{"logTime": "0823/073758", "correlationVector":"YZ8vZdJ2gjbiL8vQUMd6eG","action":"Commit Request", "result":"", "context":Item count: 3
Contributing types: Sessions, History}
{"logTime": "0823/073759", "correlationVector":"YZ8vZdJ2gjbiL8vQUMd6eG.1","action":"SyncServerConnectionManagerRequest", "result":"SYNC_SERVER_OK", "context":{"environment":"Prod_brazilsouth_prod-s01-001-sam-brazilsouth", "migrationStage":"NotStarted", "server":"akswtt21500000w"}}
{"logTime": "0823/073759", "correlationVector":"YZ8vZdJ2gjbiL8vQUMd6eG.2","action":"Commit Response", "result":"Success", "context":Result: Success. cV=YZ8vZdJ2gjbiL8vQUMd6eG.0;server=akswtt21500000w;cloudType=Consumer;environment=Prod_brazilsouth_prod-s01-001-sam-brazilsouth;migrationStage=NotStarted}
{"logTime": "0823/073904", "correlationVector":"4i39Xv3M4jgB752OErxgwh","action":"Commit Request", "result":"", "context":Item count: 1
Contributing types: Sessions}
{"logTime": "0823/073905", "correlationVector":"4i39Xv3M4jgB752OErxgwh.1","action":"SyncServerConnectionManagerRequest", "result":"SYNC_SERVER_OK", "context":{"environment":"Prod_brazilsouth_prod-s01-001-sam-brazilsouth", "migrationStage":"NotStarted", "server":"akswtt215000011"}}
{"logTime": "0823/073905", "correlationVector":"4i39Xv3M4jgB752OErxgwh.2","action":"Commit Response", "result":"Success", "context":Result: Success. cV=4i39Xv3M4jgB752OErxgwh.0;server=akswtt215000011;cloudType=Consumer;environment=Prod_brazilsouth_prod-s01-001-sam-brazilsouth;migrationStage=NotStarted}
