2025-08-23 07:25:38.732: [INFO] VisibilityChanged: 0
2025-08-23 07:25:38.767: [INFO] RecordSyncInitDuration has_sync_been_enabled: 0 state: 0
2025-08-23 07:25:38.768: [INFO] RecordSyncInitDuration has_sync_been_enabled: 0 state: 0
2025-08-23 07:25:38.768: [INFO] RecordSyncInitDuration has_sync_been_enabled: 0 state: 0
2025-08-23 07:25:38.769: [INFO] RecordSyncInitDuration has_sync_been_enabled: 0 state: 0
2025-08-23 07:25:38.769: [INFO] RecordSyncInitDuration has_sync_been_enabled: 0 state: 0
2025-08-23 07:25:38.769: [INFO] RecordSyncInitDuration has_sync_been_enabled: 0 state: 0
2025-08-23 07:25:38.770: [INFO] RecordSyncInitDuration has_sync_been_enabled: 0 state: 0
2025-08-23 07:25:38.770: [INFO] RecordSyncInitDuration has_sync_been_enabled: 0 state: 0
2025-08-23 07:25:38.771: [INFO] RecordSyncInitDuration has_sync_been_enabled: 0 state: 0
2025-08-23 07:25:38.771: [INFO] RecordSyncInitDuration has_sync_been_enabled: 0 state: 0
2025-08-23 07:25:38.771: [INFO] RecordSyncInitDuration has_sync_been_enabled: 0 state: 0
2025-08-23 07:25:38.777: [INFO] BookmarkModelLoaded, ids_reassigned: 0
2025-08-23 07:25:38.777: [INFO] OnDoneLoading sync enabled: 0
2025-08-23 07:25:38.829: [INFO] RecordSyncInitDuration has_sync_been_enabled: 0 state: 0
2025-08-23 07:25:38.890: [INFO] RecordSyncInitDuration has_sync_been_enabled: 0 state: 3
2025-08-23 07:25:38.892: [INFO] Primary account changed.
2025-08-23 07:25:38.892: [INFO] OnPrimaryAccountChanged PrimaryAccountChangeEvent::Type::kSet
2025-08-23 07:25:38.896: [INFO] RecordSyncInitDuration has_sync_been_enabled: 0 state: 3
2025-08-23 07:25:38.975: [INFO] RecordSyncInitDuration has_sync_been_enabled: 0 state: 3
2025-08-23 07:25:41.729: [INFO] BookmarkNodeAdded, ABU: 0
2025-08-23 07:25:42.093: [INFO] Sync initialization duration: 2958ms
2025-08-23 07:36:54.833: [INFO] VisibilityChanged: 0
2025-08-23 07:36:54.870: [INFO] BookmarkModelLoaded, ids_reassigned: 0
2025-08-23 07:36:54.870: [INFO] OnDoneLoading sync enabled: 1
2025-08-23 07:36:57.497: [INFO] Sync initialization duration: 2474ms
2025-08-25 04:39:43.470: [INFO] VisibilityChanged: 0
2025-08-25 04:39:43.536: [INFO] BookmarkModelLoaded, ids_reassigned: 0
2025-08-25 04:39:43.536: [INFO] OnDoneLoading sync enabled: 1
2025-08-25 04:39:46.082: [INFO] Sync initialization duration: 2318ms
2025-08-25 04:54:52.100: [INFO] VisibilityChanged: 0
2025-08-25 04:54:52.173: [INFO] BookmarkModelLoaded, ids_reassigned: 0
2025-08-25 04:54:52.173: [INFO] OnDoneLoading sync enabled: 1
2025-08-25 04:54:54.143: [INFO] Sync initialization duration: 1732ms
2025-08-26 03:36:26.637: [INFO] VisibilityChanged: 0
2025-08-26 03:36:26.716: [INFO] BookmarkModelLoaded, ids_reassigned: 0
2025-08-26 03:36:26.717: [INFO] OnDoneLoading sync enabled: 1
2025-08-26 03:36:29.337: [INFO] Sync initialization duration: 2312ms
2025-08-26 04:58:27.547: [INFO] VisibilityChanged: 0
2025-08-26 04:58:27.601: [INFO] BookmarkModelLoaded, ids_reassigned: 0
2025-08-26 04:58:27.601: [INFO] OnDoneLoading sync enabled: 1
2025-08-26 04:58:30.107: [INFO] Sync initialization duration: 2281ms
